1582133860183	mozrunner::runner	INFO	Running command: "C:\\Program Files (x86)\\Mozilla Firefox\\firefox.exe" "-marionette" "-headless" "-foreground" "-no-remote" "-profile" "C:\\Users\\morde\\AppData\\Local\\Temp\\rust_mozprofile.phX88IXyY7lN"
*** You are running in headless mode.
Unable to read VR Path Registry from C:\Users\morde\AppData\Local\openvr\openvrpaths.vrpath
1582133860849	Marionette	INFO	Enabled via --marionette
Unable to read VR Path Registry from C:\Users\morde\AppData\Local\openvr\openvrpaths.vrpath
Unable to read VR Path Registry from C:\Users\morde\AppData\Local\openvr\openvrpaths.vrpath
[Child 2676, Chrome_ChildThread] WARNING: pipe error: 109: file z:/build/build/src/ipc/chromium/src/chrome/common/ipc_channel_win.cc, line 346
[Child 2676, Chrome_ChildThrUnable to read VR Path Registry from C:\Users\morde\AppData\Local\openvr\openvrpaths.vrpath
1582133862450	Marionette	INFO	Listening on port 60068
1582133862816	Marionette	WARN	TLS certificate errors will be ignored for this session
1582133862905	Marionette	DEBUG	Register listener.js for window 4294967297
1582133862929	Marionette	DEBUG	Received DOM event "beforeunload" for "about:blank"
1582133863201	Marionette	DEBUG	Received DOM event "pagehide" for "about:blank"
1582133863201	Marionette	DEBUG	Received DOM event "unload" for "about:blank"
1582133864703	Marionette	DEBUG	Received DOM event "DOMContentLoaded" for "https://www.oneplace.com/ministries/focus-on-the-familys-radio-theatre/"
1582133865742	Marionette	DEBUG	Received observer notification "outer-window-destroyed" for "4294967309"
1582133867734	Marionette	DEBUG	Received DOM event "pageshow" for "https://www.oneplace.com/ministries/focus-on-the-familys-radio-theatre/"
[Child 14472, Chrome_ChildThread] WARNING: pipe error: 109: file z:/build/build/src/ipc/chromium/src/chrome/common/ipc_channel_win.cc, line 346
[Child 14472, Chrome_Chil[Parent 1284, Gecko_IOThread] WARNING: pipe error: 109: file z:/build/build/src/ipc/chromium/src/chrome/common/ipc_channel_win.cc, line 346
[Child 13756, Chrome_ChildThread] WARNING: pipe error: 109: file z:/build/build/src/ipc/chromium/src/chrome/common/ipc_channel_win.cc, line 346
[Child 13756, Chrome_ChildThr*** UTM:SVC TimerManager:registerTimer called after profile-before-change notification. Ignoring timer registration for id: telemetry_modules_ping
1582133875977	mozrunner::runner	INFO	Running command: "C:\\Program Files (x86)\\Mozilla Firefox\\firefox.exe" "-marionette" "-headless" "-foreground" "-no-remote" "-profile" "C:\\Users\\morde\\AppData\\Local\\Temp\\rust_mozprofile.cOCndSpU1RZK"
*** You are running in headless mode.
Unable to read VR Path Registry from C:\Users\morde\AppData\Local\openvr\openvrpaths.vrpath
1582133876606	Marionette	INFO	Enabled via --marionette
Unable to read VR Path Registry from C:\Users\morde\AppData\Local\openvr\openvrpaths.vrpath
Unable to read VR Path Registry from C:\Users\morde\AppData\Local\openvr\openvrpaths.vrpath
Unable to read VR Path Registry from C:\Users\morde\AppData\Local\openvr\openvrpaths.vrpath
1582133878287	Marionette	INFO	Listening on port 60210
1582133878605	Marionette	WARN	TLS certificate errors will be ignored for this session
1582133878695	Marionette	DEBUG	Register listener.js for window 4294967297
1582133878728	Marionette	DEBUG	Received DOM event "beforeunload" for "about:blank"
1582133878934	Marionette	DEBUG	Received DOM event "pagehide" for "about:blank"
1582133878934	Marionette	DEBUG	Received DOM event "unload" for "about:blank"
1582133880569	Marionette	DEBUG	Received DOM event "DOMContentLoaded" for "https://www.oneplace.com/ministries/turning-point/"
1582133881464	Marionette	DEBUG	Received observer notification "outer-window-destroyed" for "4294967309"
1582133885188	Marionette	DEBUG	Received DOM event "pageshow" for "https://www.oneplace.com/ministries/turning-point/"
[Child 14556, Chrome_ChildThread] WARNING: pipe error: 109: file z:/build/build/src/ipc/chromium/src/chrome/common/ipc_channel_win.cc, line 346
[Child 14556, Chrome_Ch*** UTM:SVC TimerManager:registerTimer called after profile-before-change notification. Ignoring timer registration for id: telemetry_modules_ping
