2020-01-20 14:55:08.540202:	The Hiding Place, Part 03 of 09 added to Radio Theatre
2020-01-20 14:55:24.253256:	God's Basic Plan of Economy, Part 2 added to Turning Point2020-01-20 15:33:59.868647:	The Hiding Place, Part 03 of 09 added to Radio Theatre
2020-01-20 15:34:17.691625:	God's Basic Plan of Economy, Part 2 added to Turning Point
2020-01-22 15:13:28.371842:	No new show for Radio Theatre
2020-01-22 15:13:44.226313:	God's Basic Cycle of Sufficiency, Part 1 added to Turning Point
2020-01-28 23:18:57.411546:	No new show for Radio Theatre
2020-01-28 23:19:12.897423:	No new show for Turning Point
2020-01-28 23:57:03.967513:	The Hiding Place, Part 04 of 09 added to Radio Theatre
2020-01-28 23:57:23.586825:	God's Basic Plan for Security added to Turning Point
2020-01-29 00:58:42.308730:	No new show for Radio Theatre
2020-01-29 00:58:58.981354:	No new show for Turning Point
2020-02-01 11:15:19.927632:	The Hiding Place, Part 05 of 09 added to Radio Theatre
2020-02-01 11:15:41.279813:	Seven Reasons Why I Tithe, Part 2 added to Turning Point
2020-02-01 11:17:13.916572:	No new show for Radio Theatre
2020-02-01 11:17:32.903352:	No new show for Turning Point
2020-02-13 12:28:28.893994:	The Hiding Place, Part 06 of 09 added to Radio Theatre
2020-02-13 12:28:43.504254:	The End of World Government, Part 1 added to Turning Point
2020-02-19 08:29:07.832734:	The Hiding Place, Part 07 of 09 added to Radio Theatre
2020-02-19 08:29:22.924521:	A Fiery Furnace and a Fiery Faith, Part 1 added to Turning Point
2020-02-19 12:29:55.195525:	No new show for Radio Theatre
2020-02-19 12:30:10.713326:	No new show for Turning Point
